<?xml version="1.0" encoding="UTF-8"?>
<testsuites tests="19" failures="9" errors="0" time="20.084683">
	<testsuite tests="19" failures="9" time="20.084000" name="github.com/maximhq/bifrost/tests/core-providers" timestamp="2025-10-27T22:56:39-07:00">
		<properties>
			<property name="go.version" value="go1.25.1 darwin/arm64"></property>
		</properties>
		<testcase classname="github.com/maximhq/bifrost/tests/core-providers" name="TestMistral/MistralTests/MultiTurnConversation" time="0.000000">
			<failure message="Failed" type="">=== RUN   TestMistral/MistralTests/MultiTurnConversation&#xA;=== PAUSE TestMistral/MistralTests/MultiTurnConversation&#xA;=== CONT  TestMistral/MistralTests/MultiTurnConversation&#xA;{&#34;level&#34;:&#34;debug&#34;,&#34;time&#34;:&#34;2025-10-27T22:56:39-07:00&#34;,&#34;message&#34;:&#34;Primary provider mistral with model mistral-medium-2508 and 1 fallbacks&#34;}&#xA;{&#34;level&#34;:&#34;debug&#34;,&#34;time&#34;:&#34;2025-10-27T22:56:39-07:00&#34;,&#34;message&#34;:&#34;attempting chat_completion request for provider mistral&#34;}&#xA;    test_retry_framework.go:230: ❌ Test failed after 3 attempts: final error: failed to make HTTP request to provider API&#xA;    multi_turn_conversation.go:77: ❌ MultiTurnConversation_Step1 request failed after retries:  : failed to make HTTP request to provider API&#xA;        --- FAIL: TestMistral/MistralTests/MultiTurnConversation (0.00s)&#xA;</failure>
		</testcase>
		<testcase classname="github.com/maximhq/bifrost/tests/core-providers" name="TestMistral/MistralTests/Embedding" time="0.000000">
			<failure message="Failed" type="">=== RUN   TestMistral/MistralTests/Embedding&#xA;=== PAUSE TestMistral/MistralTests/Embedding&#xA;=== CONT  TestMistral/MistralTests/Embedding&#xA;{&#34;level&#34;:&#34;debug&#34;,&#34;time&#34;:&#34;2025-10-27T22:56:39-07:00&#34;,&#34;message&#34;:&#34;Primary provider mistral with model codestral-embed and 0 fallbacks&#34;}&#xA;{&#34;level&#34;:&#34;debug&#34;,&#34;time&#34;:&#34;2025-10-27T22:56:39-07:00&#34;,&#34;message&#34;:&#34;attempting chat_completion request for provider mistral&#34;}&#xA;{&#34;level&#34;:&#34;warn&#34;,&#34;time&#34;:&#34;2025-10-27T22:56:39-07:00&#34;,&#34;message&#34;:&#34;Fallback provider mistral failed: failed to make HTTP request to provider API&#34;}&#xA;{&#34;level&#34;:&#34;debug&#34;,&#34;time&#34;:&#34;2025-10-27T22:56:39-07:00&#34;,&#34;message&#34;:&#34;Primary provider mistral with model pixtral-12b-latest and 1 fallbacks&#34;}&#xA;{&#34;level&#34;:&#34;debug&#34;,&#34;time&#34;:&#34;2025-10-27T22:56:39-07:00&#34;,&#34;message&#34;:&#34;attempting chat_completion request for provider mistral&#34;}&#xA;{&#34;level&#34;:&#34;debug&#34;,&#34;time&#34;:&#34;2025-10-27T22:56:39-07:00&#34;,&#34;message&#34;:&#34;attempting chat_completion request for provider mistral&#34;}&#xA;{&#34;level&#34;:&#34;debug&#34;,&#34;time&#34;:&#34;2025-10-27T22:56:39-07:00&#34;,&#34;message&#34;:&#34;attempting chat_completion request for provider mistral&#34;}&#xA;{&#34;level&#34;:&#34;warn&#34;,&#34;time&#34;:&#34;2025-10-27T22:56:39-07:00&#34;,&#34;message&#34;:&#34;Fallback provider mistral failed: failed to make HTTP request to provider API&#34;}&#xA;{&#34;level&#34;:&#34;debug&#34;,&#34;time&#34;:&#34;2025-10-27T22:56:39-07:00&#34;,&#34;message&#34;:&#34;Primary provider mistral with model mistral-medium-2508 and 1 fallbacks&#34;}&#xA;{&#34;level&#34;:&#34;warn&#34;,&#34;time&#34;:&#34;2025-10-27T22:56:39-07:00&#34;,&#34;message&#34;:&#34;Fallback provider mistral failed: failed to make HTTP request to provider API&#34;}&#xA;{&#34;level&#34;:&#34;debug&#34;,&#34;time&#34;:&#34;2025-10-27T22:56:39-07:00&#34;,&#34;message&#34;:&#34;Primary provider mistral with model mistral-medium-2508 and 0 fallbacks&#34;}&#xA;{&#34;level&#34;:&#34;warn&#34;,&#34;time&#34;:&#34;2025-10-27T22:56:39-07:00&#34;,&#34;message&#34;:&#34;Fallback provider mistral failed: failed to make HTTP request to provider API&#34;}&#xA;{&#34;level&#34;:&#34;debug&#34;,&#34;time&#34;:&#34;2025-10-27T22:56:39-07:00&#34;,&#34;message&#34;:&#34;Primary provider mistral with model mistral-medium-2508 and 0 fallbacks&#34;}&#xA;{&#34;level&#34;:&#34;debug&#34;,&#34;time&#34;:&#34;2025-10-27T22:56:39-07:00&#34;,&#34;message&#34;:&#34;attempting chat_completion request for provider mistral&#34;}&#xA;{&#34;level&#34;:&#34;debug&#34;,&#34;time&#34;:&#34;2025-10-27T22:56:39-07:00&#34;,&#34;message&#34;:&#34;Primary provider mistral with model pixtral-12b-latest returned error: failed to make HTTP request to provider API&#34;}&#xA;{&#34;level&#34;:&#34;debug&#34;,&#34;time&#34;:&#34;2025-10-27T22:56:39-07:00&#34;,&#34;message&#34;:&#34;Check if we should try 1 fallbacks&#34;}&#xA;{&#34;level&#34;:&#34;debug&#34;,&#34;time&#34;:&#34;2025-10-27T22:56:39-07:00&#34;,&#34;message&#34;:&#34;Trying fallback provider mistral with model mistral-small-2503&#34;}&#xA;{&#34;level&#34;:&#34;debug&#34;,&#34;time&#34;:&#34;2025-10-27T22:56:39-07:00&#34;,&#34;message&#34;:&#34;attempting embedding request for provider mistral&#34;}&#xA;{&#34;level&#34;:&#34;warn&#34;,&#34;time&#34;:&#34;2025-10-27T22:56:39-07:00&#34;,&#34;message&#34;:&#34;Fallback provider mistral failed: failed to make HTTP request to provider API&#34;}&#xA;{&#34;level&#34;:&#34;debug&#34;,&#34;time&#34;:&#34;2025-10-27T22:56:39-07:00&#34;,&#34;message&#34;:&#34;Primary provider mistral with model mistral-medium-2508 and 1 fallbacks&#34;}&#xA;{&#34;level&#34;:&#34;debug&#34;,&#34;time&#34;:&#34;2025-10-27T22:56:39-07:00&#34;,&#34;message&#34;:&#34;attempting responses request for provider mistral&#34;}&#xA;{&#34;level&#34;:&#34;debug&#34;,&#34;time&#34;:&#34;2025-10-27T22:56:39-07:00&#34;,&#34;message&#34;:&#34;Primary provider mistral with model codestral-embed returned error: failed to make HTTP request to provider API&#34;}&#xA;{&#34;level&#34;:&#34;debug&#34;,&#34;time&#34;:&#34;2025-10-27T22:56:39-07:00&#34;,&#34;message&#34;:&#34;No fallbacks configured, we should not try fallbacks&#34;}&#xA;{&#34;level&#34;:&#34;debug&#34;,&#34;time&#34;:&#34;2025-10-27T22:56:39-07:00&#34;,&#34;message&#34;:&#34;attempting responses request for provider mistral&#34;}&#xA;{&#34;level&#34;:&#34;debug&#34;,&#34;time&#34;:&#34;2025-10-27T22:56:39-07:00&#34;,&#34;message&#34;:&#34;Primary provider mistral with model pixtral-12b-latest returned error: failed to make HTTP request to provider API&#34;}&#xA;{&#34;level&#34;:&#34;debug&#34;,&#34;time&#34;:&#34;2025-10-27T22:56:39-07:00&#34;,&#34;message&#34;:&#34;Check if we should try 1 fallbacks&#34;}&#xA;{&#34;level&#34;:&#34;debug&#34;,&#34;time&#34;:&#34;2025-10-27T22:56:39-07:00&#34;,&#34;message&#34;:&#34;Trying fallback provider mistral with model mistral-small-2503&#34;}&#xA;{&#34;level&#34;:&#34;debug&#34;,&#34;time&#34;:&#34;2025-10-27T22:56:39-07:00&#34;,&#34;message&#34;:&#34;attempting responses request for provider mistral&#34;}&#xA;    embedding.go:81: ❌ Embedding request failed:  : failed to make HTTP request to provider API&#xA;{&#34;level&#34;:&#34;debug&#34;,&#34;time&#34;:&#34;2025-10-27T22:56:39-07:00&#34;,&#34;message&#34;:&#34;attempting responses request for provider mistral&#34;}&#xA;        --- FAIL: TestMistral/MistralTests/Embedding (0.00s)&#xA;</failure>
		</testcase>
		<testcase classname="github.com/maximhq/bifrost/tests/core-providers" name="TestMistral/MistralTests/MultipleImages" time="0.010000">
			<failure message="Failed" type="">=== RUN   TestMistral/MistralTests/MultipleImages&#xA;=== PAUSE TestMistral/MistralTests/MultipleImages&#xA;=== CONT  TestMistral/MistralTests/MultipleImages&#xA;{&#34;level&#34;:&#34;debug&#34;,&#34;time&#34;:&#34;2025-10-27T22:56:39-07:00&#34;,&#34;message&#34;:&#34;attempting chat_completion request for provider mistral&#34;}&#xA;{&#34;level&#34;:&#34;debug&#34;,&#34;time&#34;:&#34;2025-10-27T22:56:39-07:00&#34;,&#34;message&#34;:&#34;Primary provider mistral with model mistral-medium-2508 and 1 fallbacks&#34;}&#xA;    multiple_images.go:112: ❌ Multiple images request failed after retries:  : failed to make HTTP request to provider API&#xA;{&#34;level&#34;:&#34;debug&#34;,&#34;time&#34;:&#34;2025-10-27T22:56:39-07:00&#34;,&#34;message&#34;:&#34;attempting chat_completion request for provider mistral&#34;}&#xA;        --- FAIL: TestMistral/MistralTests/MultipleImages (0.01s)&#xA;</failure>
		</testcase>
		<testcase classname="github.com/maximhq/bifrost/tests/core-providers" name="TestMistral/MistralTests/ResponsesStream" time="0.000000">
			<failure message="Failed" type="">=== RUN   TestMistral/MistralTests/ResponsesStream&#xA;=== PAUSE TestMistral/MistralTests/ResponsesStream&#xA;=== CONT  TestMistral/MistralTests/ResponsesStream&#xA;{&#34;level&#34;:&#34;warn&#34;,&#34;time&#34;:&#34;2025-10-27T22:56:39-07:00&#34;,&#34;message&#34;:&#34;Fallback provider mistral failed: failed to make HTTP request to provider API&#34;}&#xA;{&#34;level&#34;:&#34;debug&#34;,&#34;time&#34;:&#34;2025-10-27T22:56:39-07:00&#34;,&#34;message&#34;:&#34;Primary provider mistral with model mistral-medium-2508 and 0 fallbacks&#34;}&#xA;{&#34;level&#34;:&#34;debug&#34;,&#34;time&#34;:&#34;2025-10-27T22:56:39-07:00&#34;,&#34;message&#34;:&#34;attempting responses_stream request for provider mistral&#34;}&#xA;{&#34;level&#34;:&#34;warn&#34;,&#34;time&#34;:&#34;2025-10-27T22:56:39-07:00&#34;,&#34;message&#34;:&#34;Fallback provider mistral failed: failed to make HTTP request to provider API&#34;}&#xA;    error_parser.go:392: Responses stream request failed, but got:&#xA;        🌉 Bifrost: Bifrost Internal Error&#xA;        Message: Make HTTP request to provider API&#xA;        Details:&#xA;          • Provider: mistral&#xA;        Suggestions:&#xA;          💡 Check the provider&#39;s documentation for more details&#xA;          💡 Consider enabling debug logging for more information&#xA;        --- FAIL: TestMistral/MistralTests/ResponsesStream (0.00s)&#xA;</failure>
		</testcase>
		<testcase classname="github.com/maximhq/bifrost/tests/core-providers" name="TestMistral/MistralTests/ChatCompletionStreamWithTools" time="0.000000">
			<failure message="Failed" type="">=== RUN   TestMistral/MistralTests/ChatCompletionStreamWithTools&#xA;=== PAUSE TestMistral/MistralTests/ChatCompletionStreamWithTools&#xA;=== CONT  TestMistral/MistralTests/ChatCompletionStreamWithTools&#xA;{&#34;level&#34;:&#34;debug&#34;,&#34;time&#34;:&#34;2025-10-27T22:56:39-07:00&#34;,&#34;message&#34;:&#34;attempting chat_completion_stream request for provider mistral&#34;}&#xA;{&#34;level&#34;:&#34;debug&#34;,&#34;time&#34;:&#34;2025-10-27T22:56:39-07:00&#34;,&#34;message&#34;:&#34;request chat_completion_stream for provider mistral completed&#34;}&#xA;{&#34;level&#34;:&#34;warn&#34;,&#34;time&#34;:&#34;2025-10-27T22:56:39-07:00&#34;,&#34;message&#34;:&#34;error while executing stream request: failed to make HTTP request to provider API&#34;}&#xA;{&#34;level&#34;:&#34;debug&#34;,&#34;time&#34;:&#34;2025-10-27T22:56:39-07:00&#34;,&#34;message&#34;:&#34;attempting chat_completion_stream request for provider mistral&#34;}&#xA;{&#34;level&#34;:&#34;debug&#34;,&#34;time&#34;:&#34;2025-10-27T22:56:39-07:00&#34;,&#34;message&#34;:&#34;request chat_completion_stream for provider mistral completed&#34;}&#xA;{&#34;level&#34;:&#34;warn&#34;,&#34;time&#34;:&#34;2025-10-27T22:56:39-07:00&#34;,&#34;message&#34;:&#34;error while executing stream request: failed to make HTTP request to provider API&#34;}&#xA;{&#34;level&#34;:&#34;warn&#34;,&#34;time&#34;:&#34;2025-10-27T22:56:39-07:00&#34;,&#34;message&#34;:&#34;Fallback provider mistral failed: failed to make HTTP request to provider API&#34;}&#xA;    error_parser.go:392: Chat completion stream with tools failed, but got:&#xA;        🌉 Bifrost: Bifrost Internal Error&#xA;        Message: Make HTTP request to provider API&#xA;        Details:&#xA;          • Provider: mistral&#xA;        Suggestions:&#xA;          💡 Check the provider&#39;s documentation for more details&#xA;          💡 Consider enabling debug logging for more information&#xA;        --- FAIL: TestMistral/MistralTests/ChatCompletionStreamWithTools (0.00s)&#xA;</failure>
		</testcase>
		<testcase classname="github.com/maximhq/bifrost/tests/core-providers" name="TestMistral/MistralTests/ResponsesStreamWithTools" time="0.000000">
			<failure message="Failed" type="">=== RUN   TestMistral/MistralTests/ResponsesStreamWithTools&#xA;=== PAUSE TestMistral/MistralTests/ResponsesStreamWithTools&#xA;=== CONT  TestMistral/MistralTests/ResponsesStreamWithTools&#xA;{&#34;level&#34;:&#34;debug&#34;,&#34;time&#34;:&#34;2025-10-27T22:56:39-07:00&#34;,&#34;message&#34;:&#34;attempting responses_stream request for provider mistral&#34;}&#xA;{&#34;level&#34;:&#34;debug&#34;,&#34;time&#34;:&#34;2025-10-27T22:56:39-07:00&#34;,&#34;message&#34;:&#34;request responses_stream for provider mistral completed&#34;}&#xA;{&#34;level&#34;:&#34;warn&#34;,&#34;time&#34;:&#34;2025-10-27T22:56:39-07:00&#34;,&#34;message&#34;:&#34;error while executing stream request: failed to make HTTP request to provider API&#34;}&#xA;{&#34;level&#34;:&#34;debug&#34;,&#34;time&#34;:&#34;2025-10-27T22:56:39-07:00&#34;,&#34;message&#34;:&#34;attempting responses_stream request for provider mistral&#34;}&#xA;{&#34;level&#34;:&#34;debug&#34;,&#34;time&#34;:&#34;2025-10-27T22:56:39-07:00&#34;,&#34;message&#34;:&#34;request responses_stream for provider mistral completed&#34;}&#xA;{&#34;level&#34;:&#34;warn&#34;,&#34;time&#34;:&#34;2025-10-27T22:56:39-07:00&#34;,&#34;message&#34;:&#34;error while executing stream request: failed to make HTTP request to provider API&#34;}&#xA;{&#34;level&#34;:&#34;warn&#34;,&#34;time&#34;:&#34;2025-10-27T22:56:39-07:00&#34;,&#34;message&#34;:&#34;Fallback provider mistral failed: failed to make HTTP request to provider API&#34;}&#xA;    error_parser.go:392: Responses stream with tools failed, but got:&#xA;        🌉 Bifrost: Bifrost Internal Error&#xA;        Message: Make HTTP request to provider API&#xA;        Details:&#xA;          • Provider: mistral&#xA;        Suggestions:&#xA;          💡 Check the provider&#39;s documentation for more details&#xA;          💡 Consider enabling debug logging for more information&#xA;        --- FAIL: TestMistral/MistralTests/ResponsesStreamWithTools (0.00s)&#xA;</failure>
		</testcase>
		<testcase classname="github.com/maximhq/bifrost/tests/core-providers" name="TestMistral/MistralTests/ChatCompletionStream" time="0.000000">
			<failure message="Failed" type="">=== RUN   TestMistral/MistralTests/ChatCompletionStream&#xA;=== PAUSE TestMistral/MistralTests/ChatCompletionStream&#xA;=== CONT  TestMistral/MistralTests/ChatCompletionStream&#xA;{&#34;level&#34;:&#34;debug&#34;,&#34;time&#34;:&#34;2025-10-27T22:56:39-07:00&#34;,&#34;message&#34;:&#34;attempting chat_completion_stream request for provider mistral&#34;}&#xA;{&#34;level&#34;:&#34;debug&#34;,&#34;time&#34;:&#34;2025-10-27T22:56:39-07:00&#34;,&#34;message&#34;:&#34;request chat_completion_stream for provider mistral completed&#34;}&#xA;{&#34;level&#34;:&#34;warn&#34;,&#34;time&#34;:&#34;2025-10-27T22:56:39-07:00&#34;,&#34;message&#34;:&#34;error while executing stream request: failed to make HTTP request to provider API&#34;}&#xA;{&#34;level&#34;:&#34;debug&#34;,&#34;time&#34;:&#34;2025-10-27T22:56:39-07:00&#34;,&#34;message&#34;:&#34;attempting chat_completion_stream request for provider mistral&#34;}&#xA;{&#34;level&#34;:&#34;debug&#34;,&#34;time&#34;:&#34;2025-10-27T22:56:39-07:00&#34;,&#34;message&#34;:&#34;request chat_completion_stream for provider mistral completed&#34;}&#xA;{&#34;level&#34;:&#34;warn&#34;,&#34;time&#34;:&#34;2025-10-27T22:56:39-07:00&#34;,&#34;message&#34;:&#34;error while executing stream request: failed to make HTTP request to provider API&#34;}&#xA;{&#34;level&#34;:&#34;warn&#34;,&#34;time&#34;:&#34;2025-10-27T22:56:39-07:00&#34;,&#34;message&#34;:&#34;Fallback provider mistral failed: failed to make HTTP request to provider API&#34;}&#xA;    error_parser.go:392: Chat completion stream request failed, but got:&#xA;        🌉 Bifrost: Bifrost Internal Error&#xA;        Message: Make HTTP request to provider API&#xA;        Details:&#xA;          • Provider: mistral&#xA;        Suggestions:&#xA;          💡 Check the provider&#39;s documentation for more details&#xA;          💡 Consider enabling debug logging for more information&#xA;{&#34;level&#34;:&#34;warn&#34;,&#34;time&#34;:&#34;2025-10-27T22:56:39-07:00&#34;,&#34;message&#34;:&#34;Fallback provider mistral failed: failed to make HTTP request to provider API&#34;}&#xA;{&#34;level&#34;:&#34;debug&#34;,&#34;time&#34;:&#34;2025-10-27T22:56:39-07:00&#34;,&#34;message&#34;:&#34;Primary provider mistral with model pixtral-12b-latest and 1 fallbacks&#34;}&#xA;{&#34;level&#34;:&#34;debug&#34;,&#34;time&#34;:&#34;2025-10-27T22:56:39-07:00&#34;,&#34;message&#34;:&#34;attempting responses request for provider mistral&#34;}&#xA;{&#34;level&#34;:&#34;debug&#34;,&#34;time&#34;:&#34;2025-10-27T22:56:39-07:00&#34;,&#34;message&#34;:&#34;Primary provider mistral with model pixtral-12b-latest returned error: failed to make HTTP request to provider API&#34;}&#xA;{&#34;level&#34;:&#34;debug&#34;,&#34;time&#34;:&#34;2025-10-27T22:56:39-07:00&#34;,&#34;message&#34;:&#34;Check if we should try 1 fallbacks&#34;}&#xA;{&#34;level&#34;:&#34;debug&#34;,&#34;time&#34;:&#34;2025-10-27T22:56:39-07:00&#34;,&#34;message&#34;:&#34;Trying fallback provider mistral with model mistral-small-2503&#34;}&#xA;{&#34;level&#34;:&#34;debug&#34;,&#34;time&#34;:&#34;2025-10-27T22:56:39-07:00&#34;,&#34;message&#34;:&#34;attempting responses request for provider mistral&#34;}&#xA;{&#34;level&#34;:&#34;warn&#34;,&#34;time&#34;:&#34;2025-10-27T22:56:39-07:00&#34;,&#34;message&#34;:&#34;Fallback provider mistral failed: failed to make HTTP request to provider API&#34;}&#xA;        --- FAIL: TestMistral/MistralTests/ChatCompletionStream (0.00s)&#xA;</failure>
		</testcase>
		<testcase classname="github.com/maximhq/bifrost/tests/core-providers" name="TestMistral/MistralTests" time="0.000000">
			<failure message="Failed" type="">=== RUN   TestMistral/MistralTests&#xA;    tests.go:24: 🚀 Running comprehensive tests for provider: mistral&#xA;    text_completion.go:17: ⏭️ Text completion not supported for provider mistral&#xA;    text_completion_stream.go:19: Text completion stream not supported for provider mistral&#xA;    speech_synthesis.go:19: Speech synthesis not supported for provider mistral&#xA;    speech_synthesis.go:131: Speech synthesis not supported for provider mistral&#xA;    speech_synthesis_stream.go:19: Speech synthesis streaming not supported for provider mistral&#xA;    speech_synthesis_stream.go:231: Speech synthesis streaming not supported for provider mistral&#xA;    transcription.go:21: Transcription not supported for provider mistral&#xA;    transcription.go:196: Transcription not supported for provider mistral&#xA;    transcription_stream.go:21: Transcription streaming not supported for provider mistral&#xA;    transcription_stream.go:302: Transcription streaming not supported for provider mistral&#xA;    reasoning.go:17: ⏭️ Reasoning not supported for provider mistral&#xA;    tests.go:95: &#xA;        ================================================================================&#xA;    tests.go:96: COMPREHENSIVE TEST SUMMARY FOR PROVIDER: MISTRAL&#xA;    tests.go:97: ================================================================================&#xA;    tests.go:105: ❌ UNSUPPORTED: TextCompletion            ❌ Not supported by provider&#xA;    tests.go:102: ✅ SUPPORTED:   SimpleChat                ✅ Configured to run&#xA;    tests.go:102: ✅ SUPPORTED:   CompletionStream          ✅ Configured to run&#xA;    tests.go:102: ✅ SUPPORTED:   MultiTurnConversation     ✅ Configured to run&#xA;    tests.go:102: ✅ SUPPORTED:   ToolCalls                 ✅ Configured to run&#xA;    tests.go:102: ✅ SUPPORTED:   MultipleToolCalls         ✅ Configured to run&#xA;    tests.go:102: ✅ SUPPORTED:   End2EndToolCalling        ✅ Configured to run&#xA;    tests.go:102: ✅ SUPPORTED:   AutomaticFunctionCall     ✅ Configured to run&#xA;    tests.go:102: ✅ SUPPORTED:   ImageURL                  ✅ Configured to run&#xA;    tests.go:102: ✅ SUPPORTED:   ImageBase64               ✅ Configured to run&#xA;    tests.go:102: ✅ SUPPORTED:   MultipleImages            ✅ Configured to run&#xA;    tests.go:102: ✅ SUPPORTED:   CompleteEnd2End           ✅ Configured to run&#xA;    tests.go:105: ❌ UNSUPPORTED: SpeechSynthesis           ❌ Not supported by provider&#xA;    tests.go:105: ❌ UNSUPPORTED: SpeechSynthesisStream     ❌ Not supported by provider&#xA;    tests.go:105: ❌ UNSUPPORTED: Transcription             ❌ Not supported by provider&#xA;    tests.go:105: ❌ UNSUPPORTED: TranscriptionStream       ❌ Not supported by provider&#xA;    tests.go:102: ✅ SUPPORTED:   Embedding                 ✅ Configured to run&#xA;    tests.go:105: ❌ UNSUPPORTED: Reasoning                 ❌ Not supported by provider&#xA;    tests.go:102: ✅ SUPPORTED:   ListModels                ✅ Configured to run&#xA;    tests.go:109: --------------------------------------------------------------------------------&#xA;    tests.go:110: CONFIGURATION SUMMARY:&#xA;    tests.go:111:   ✅ Supported Tests:   13&#xA;    tests.go:112:   ❌ Unsupported Tests: 6&#xA;    tests.go:113:   📊 Total Test Types:  19&#xA;    tests.go:114: &#xA;    tests.go:115: ℹ️  NOTE: Actual PASS/FAIL results are shown in the individual test output above.&#xA;    tests.go:116: ℹ️  Look for individual test results like &#39;PASS: TestOpenAI/SimpleChat&#39; or &#39;FAIL: TestOpenAI/ToolCalls&#39;&#xA;    tests.go:117: ================================================================================&#xA;    --- FAIL: TestMistral/MistralTests (0.00s)&#xA;</failure>
		</testcase>
		<testcase classname="github.com/maximhq/bifrost/tests/core-providers" name="TestMistral" time="19.850000">
			<failure message="Failed" type="">=== RUN   TestMistral&#xA;{&#34;level&#34;:&#34;warn&#34;,&#34;time&#34;:&#34;2025-10-27T22:56:39-07:00&#34;,&#34;message&#34;:&#34;failed to prepare provider ollama: failed to create provider for the given key: base_url is required for ollama provider&#34;}&#xA;{&#34;level&#34;:&#34;warn&#34;,&#34;time&#34;:&#34;2025-10-27T22:56:39-07:00&#34;,&#34;message&#34;:&#34;failed to prepare provider sgl: failed to create provider for the given key: base_url is required for sgl provider&#34;}&#xA;--- FAIL: TestMistral (19.85s)&#xA;</failure>
		</testcase>
		<testcase classname="github.com/maximhq/bifrost/tests/core-providers" name="TestMistral/MistralTests/ListModels" time="0.310000"></testcase>
		<testcase classname="github.com/maximhq/bifrost/tests/core-providers" name="TestMistral/MistralTests/ListModelsPagination" time="0.780000"></testcase>
		<testcase classname="github.com/maximhq/bifrost/tests/core-providers" name="TestMistral/MistralTests/SimpleChat" time="3.300000"></testcase>
		<testcase classname="github.com/maximhq/bifrost/tests/core-providers" name="TestMistral/MistralTests/ImageURL" time="6.270000"></testcase>
		<testcase classname="github.com/maximhq/bifrost/tests/core-providers" name="TestMistral/MistralTests/ToolCalls" time="7.900000"></testcase>
		<testcase classname="github.com/maximhq/bifrost/tests/core-providers" name="TestMistral/MistralTests/ImageBase64" time="9.470000"></testcase>
		<testcase classname="github.com/maximhq/bifrost/tests/core-providers" name="TestMistral/MistralTests/AutomaticFunctionCalling" time="10.340000"></testcase>
		<testcase classname="github.com/maximhq/bifrost/tests/core-providers" name="TestMistral/MistralTests/MultipleToolCalls" time="11.340000"></testcase>
		<testcase classname="github.com/maximhq/bifrost/tests/core-providers" name="TestMistral/MistralTests/CompleteEnd2End" time="17.970000"></testcase>
		<testcase classname="github.com/maximhq/bifrost/tests/core-providers" name="TestMistral/MistralTests/End2EndToolCalling" time="19.840000"></testcase>
	</testsuite>
</testsuites>