<?xml version="1.0" encoding="UTF-8"?>
<testsuites tests="77" failures="24" errors="0" time="128.593696">
	<testsuite tests="77" failures="24" time="128.590000" name="github.com/maximhq/bifrost/tests/core-providers" timestamp="2025-10-28T08:05:48-07:00">
		<properties>
			<property name="go.version" value="go1.25.1 darwin/arm64"></property>
		</properties>
		<testcase classname="github.com/maximhq/bifrost/tests/core-providers" name="TestOpenAI/OpenAITests/Transcription/AdditionalAudioTests/Numbers_And_Punctuation" time="0.000000">
			<failure message="Failed" type="">=== RUN   TestOpenAI/OpenAITests/Transcription/AdditionalAudioTests/Numbers_And_Punctuation&#xA;=== PAUSE TestOpenAI/OpenAITests/Transcription/AdditionalAudioTests/Numbers_And_Punctuation&#xA;=== CONT  TestOpenAI/OpenAITests/Transcription/AdditionalAudioTests/Numbers_And_Punctuation&#xA;    utils.go:527: TTS request failed: &amp;{&lt;nil&gt; &lt;nil&gt; false &lt;nil&gt; 0x140000ea500 &lt;nil&gt; &lt;nil&gt; {openai gpt-4o-mini-tts speech}}&#xA;                --- FAIL: TestOpenAI/OpenAITests/Transcription/AdditionalAudioTests/Numbers_And_Punctuation (0.00s)&#xA;</failure>
		</testcase>
		<testcase classname="github.com/maximhq/bifrost/tests/core-providers" name="TestOpenAI/OpenAITests/Transcription/AdditionalAudioTests/Technical_Terms" time="0.000000">
			<failure message="Failed" type="">=== RUN   TestOpenAI/OpenAITests/Transcription/AdditionalAudioTests/Technical_Terms&#xA;=== PAUSE TestOpenAI/OpenAITests/Transcription/AdditionalAudioTests/Technical_Terms&#xA;=== CONT  TestOpenAI/OpenAITests/Transcription/AdditionalAudioTests/Technical_Terms&#xA;{&#34;level&#34;:&#34;debug&#34;,&#34;time&#34;:&#34;2025-10-28T08:06:13-07:00&#34;,&#34;message&#34;:&#34;Primary provider openai with model gpt-4o-mini-tts and 0 fallbacks&#34;}&#xA;{&#34;level&#34;:&#34;debug&#34;,&#34;time&#34;:&#34;2025-10-28T08:06:13-07:00&#34;,&#34;message&#34;:&#34;Primary provider openai with model gpt-4o-mini-tts and 0 fallbacks&#34;}&#xA;{&#34;level&#34;:&#34;debug&#34;,&#34;time&#34;:&#34;2025-10-28T08:06:13-07:00&#34;,&#34;message&#34;:&#34;attempting speech request for provider openai&#34;}&#xA;{&#34;level&#34;:&#34;debug&#34;,&#34;time&#34;:&#34;2025-10-28T08:06:13-07:00&#34;,&#34;message&#34;:&#34;attempting speech request for provider openai&#34;}&#xA;{&#34;level&#34;:&#34;debug&#34;,&#34;time&#34;:&#34;2025-10-28T08:06:13-07:00&#34;,&#34;message&#34;:&#34;Primary provider openai with model gpt-4o-mini-tts returned error: failed to make HTTP request to provider API&#34;}&#xA;{&#34;level&#34;:&#34;debug&#34;,&#34;time&#34;:&#34;2025-10-28T08:06:13-07:00&#34;,&#34;message&#34;:&#34;No fallbacks configured, we should not try fallbacks&#34;}&#xA;{&#34;level&#34;:&#34;debug&#34;,&#34;time&#34;:&#34;2025-10-28T08:06:13-07:00&#34;,&#34;message&#34;:&#34;Primary provider openai with model gpt-4o-mini-tts returned error: failed to make HTTP request to provider API&#34;}&#xA;{&#34;level&#34;:&#34;debug&#34;,&#34;time&#34;:&#34;2025-10-28T08:06:13-07:00&#34;,&#34;message&#34;:&#34;No fallbacks configured, we should not try fallbacks&#34;}&#xA;    utils.go:527: TTS request failed: &amp;{&lt;nil&gt; &lt;nil&gt; false &lt;nil&gt; 0x1400017c370 &lt;nil&gt; &lt;nil&gt; {openai gpt-4o-mini-tts speech}}&#xA;                --- FAIL: TestOpenAI/OpenAITests/Transcription/AdditionalAudioTests/Technical_Terms (0.00s)&#xA;</failure>
		</testcase>
		<testcase classname="github.com/maximhq/bifrost/tests/core-providers" name="TestOpenAI/OpenAITests/Transcription/AdditionalAudioTests" time="0.000000">
			<failure message="Failed" type="">=== RUN   TestOpenAI/OpenAITests/Transcription/AdditionalAudioTests&#xA;            --- FAIL: TestOpenAI/OpenAITests/Transcription/AdditionalAudioTests (0.00s)&#xA;</failure>
		</testcase>
		<testcase classname="github.com/maximhq/bifrost/tests/core-providers" name="TestOpenAI/OpenAITests/Transcription/RoundTrip_Medium_MP3" time="0.000000">
			<failure message="Failed" type="">=== RUN   TestOpenAI/OpenAITests/Transcription/RoundTrip_Medium_MP3&#xA;=== PAUSE TestOpenAI/OpenAITests/Transcription/RoundTrip_Medium_MP3&#xA;=== CONT  TestOpenAI/OpenAITests/Transcription/RoundTrip_Medium_MP3&#xA;{&#34;level&#34;:&#34;debug&#34;,&#34;time&#34;:&#34;2025-10-28T08:06:13-07:00&#34;,&#34;message&#34;:&#34;attempting speech request for provider openai&#34;}&#xA;{&#34;level&#34;:&#34;debug&#34;,&#34;time&#34;:&#34;2025-10-28T08:06:13-07:00&#34;,&#34;message&#34;:&#34;attempting speech request for provider openai&#34;}&#xA;{&#34;level&#34;:&#34;debug&#34;,&#34;time&#34;:&#34;2025-10-28T08:06:13-07:00&#34;,&#34;message&#34;:&#34;Primary provider openai with model gpt-4o-mini-tts and 1 fallbacks&#34;}&#xA;{&#34;level&#34;:&#34;debug&#34;,&#34;time&#34;:&#34;2025-10-28T08:06:13-07:00&#34;,&#34;message&#34;:&#34;attempting speech request for provider openai&#34;}&#xA;{&#34;level&#34;:&#34;debug&#34;,&#34;time&#34;:&#34;2025-10-28T08:06:13-07:00&#34;,&#34;message&#34;:&#34;Primary provider openai with model gpt-4o-mini-tts returned error: failed to make HTTP request to provider API&#34;}&#xA;{&#34;level&#34;:&#34;debug&#34;,&#34;time&#34;:&#34;2025-10-28T08:06:13-07:00&#34;,&#34;message&#34;:&#34;Check if we should try 1 fallbacks&#34;}&#xA;{&#34;level&#34;:&#34;debug&#34;,&#34;time&#34;:&#34;2025-10-28T08:06:13-07:00&#34;,&#34;message&#34;:&#34;Trying fallback provider openai with model whisper-1&#34;}&#xA;{&#34;level&#34;:&#34;debug&#34;,&#34;time&#34;:&#34;2025-10-28T08:06:13-07:00&#34;,&#34;message&#34;:&#34;Primary provider openai with model gpt-4o-mini-tts returned error: failed to make HTTP request to provider API&#34;}&#xA;{&#34;level&#34;:&#34;debug&#34;,&#34;time&#34;:&#34;2025-10-28T08:06:13-07:00&#34;,&#34;message&#34;:&#34;Check if we should try 1 fallbacks&#34;}&#xA;{&#34;level&#34;:&#34;debug&#34;,&#34;time&#34;:&#34;2025-10-28T08:06:13-07:00&#34;,&#34;message&#34;:&#34;Trying fallback provider openai with model whisper-1&#34;}&#xA;{&#34;level&#34;:&#34;debug&#34;,&#34;time&#34;:&#34;2025-10-28T08:06:13-07:00&#34;,&#34;message&#34;:&#34;Primary provider openai with model gpt-4o-mini-tts returned error: failed to make HTTP request to provider API&#34;}&#xA;{&#34;level&#34;:&#34;debug&#34;,&#34;time&#34;:&#34;2025-10-28T08:06:13-07:00&#34;,&#34;message&#34;:&#34;Check if we should try 1 fallbacks&#34;}&#xA;{&#34;level&#34;:&#34;debug&#34;,&#34;time&#34;:&#34;2025-10-28T08:06:13-07:00&#34;,&#34;message&#34;:&#34;attempting speech request for provider openai&#34;}&#xA;{&#34;level&#34;:&#34;debug&#34;,&#34;time&#34;:&#34;2025-10-28T08:06:13-07:00&#34;,&#34;message&#34;:&#34;Trying fallback provider openai with model whisper-1&#34;}&#xA;{&#34;level&#34;:&#34;debug&#34;,&#34;time&#34;:&#34;2025-10-28T08:06:13-07:00&#34;,&#34;message&#34;:&#34;attempting speech request for provider openai&#34;}&#xA;{&#34;level&#34;:&#34;debug&#34;,&#34;time&#34;:&#34;2025-10-28T08:06:13-07:00&#34;,&#34;message&#34;:&#34;attempting speech request for provider openai&#34;}&#xA;{&#34;level&#34;:&#34;warn&#34;,&#34;time&#34;:&#34;2025-10-28T08:06:13-07:00&#34;,&#34;message&#34;:&#34;Fallback provider openai failed: failed to make HTTP request to provider API&#34;}&#xA;{&#34;level&#34;:&#34;warn&#34;,&#34;time&#34;:&#34;2025-10-28T08:06:13-07:00&#34;,&#34;message&#34;:&#34;Fallback provider openai failed: failed to make HTTP request to provider API&#34;}&#xA;    error_parser.go:392: TTS generation failed for round-trip test, but got:&#xA;        ❓ Unknown: Unknown Error&#xA;        Message: Make HTTP request to provider API&#xA;        Details:&#xA;          • Provider: openai&#xA;          • Underlying error: error when reading response headers: cannot find whitespace in the first line of response &#34;0\r\n\r\n&#34;. Buffer size=5, contents: &#34;0\r\n\r\n&#34;&#xA;        Suggestions:&#xA;          💡 Check the provider&#39;s documentation for more details&#xA;          💡 Consider enabling debug logging for more information&#xA;            --- FAIL: TestOpenAI/OpenAITests/Transcription/RoundTrip_Medium_MP3 (0.00s)&#xA;</failure>
		</testcase>
		<testcase classname="github.com/maximhq/bifrost/tests/core-providers" name="TestOpenAI/OpenAITests/Transcription/RoundTrip_Technical_MP3" time="0.000000">
			<failure message="Failed" type="">=== RUN   TestOpenAI/OpenAITests/Transcription/RoundTrip_Technical_MP3&#xA;=== PAUSE TestOpenAI/OpenAITests/Transcription/RoundTrip_Technical_MP3&#xA;=== CONT  TestOpenAI/OpenAITests/Transcription/RoundTrip_Technical_MP3&#xA;{&#34;level&#34;:&#34;debug&#34;,&#34;time&#34;:&#34;2025-10-28T08:06:13-07:00&#34;,&#34;message&#34;:&#34;Primary provider openai with model gpt-4o-mini-tts and 1 fallbacks&#34;}&#xA;{&#34;level&#34;:&#34;debug&#34;,&#34;time&#34;:&#34;2025-10-28T08:06:13-07:00&#34;,&#34;message&#34;:&#34;Primary provider openai with model gpt-4o-mini-tts and 1 fallbacks&#34;}&#xA;    error_parser.go:392: TTS generation failed for round-trip test, but got:&#xA;        ❓ Unknown: Unknown Error&#xA;        Message: Make HTTP request to provider API&#xA;        Details:&#xA;          • Provider: openai&#xA;          • Underlying error: error when reading response headers: cannot find whitespace in the first line of response &#34;0\r\n\r\n&#34;. Buffer size=5, contents: &#34;0\r\n\r\n&#34;&#xA;        Suggestions:&#xA;          💡 Check the provider&#39;s documentation for more details&#xA;          💡 Consider enabling debug logging for more information&#xA;{&#34;level&#34;:&#34;debug&#34;,&#34;time&#34;:&#34;2025-10-28T08:06:14-07:00&#34;,&#34;message&#34;:&#34;error from openai provider: {\n  \&#34;error\&#34;: {\n    \&#34;message\&#34;: \&#34;Invalid URL (POST /v1/audio/speech)\&#34;,\n    \&#34;type\&#34;: \&#34;invalid_request_error\&#34;,\n    \&#34;param\&#34;: null,\n    \&#34;code\&#34;: null\n  }\n}&#34;}&#xA;{&#34;level&#34;:&#34;warn&#34;,&#34;time&#34;:&#34;2025-10-28T08:06:14-07:00&#34;,&#34;message&#34;:&#34;Fallback provider openai failed: Invalid URL (POST /v1/audio/speech)&#34;}&#xA;            --- FAIL: TestOpenAI/OpenAITests/Transcription/RoundTrip_Technical_MP3 (0.00s)&#xA;</failure>
		</testcase>
		<testcase classname="github.com/maximhq/bifrost/tests/core-providers" name="TestOpenAI/OpenAITests/Transcription/RoundTrip_Basic_MP3" time="0.480000">
			<failure message="Failed" type="">=== RUN   TestOpenAI/OpenAITests/Transcription/RoundTrip_Basic_MP3&#xA;=== PAUSE TestOpenAI/OpenAITests/Transcription/RoundTrip_Basic_MP3&#xA;=== CONT  TestOpenAI/OpenAITests/Transcription/RoundTrip_Basic_MP3&#xA;    error_parser.go:392: TTS generation failed for round-trip test, but got:&#xA;        ❓ Unknown: Unknown Error&#xA;        Message: Make HTTP request to provider API&#xA;        Details:&#xA;          • Provider: openai&#xA;          • Underlying error: error when reading response headers: cannot find whitespace in the first line of response &#34;0\r\n\r\n&#34;. Buffer size=5, contents: &#34;0\r\n\r\n&#34;&#xA;        Suggestions:&#xA;          💡 Check the provider&#39;s documentation for more details&#xA;          💡 Consider enabling debug logging for more information&#xA;            --- FAIL: TestOpenAI/OpenAITests/Transcription/RoundTrip_Basic_MP3 (0.48s)&#xA;</failure>
		</testcase>
		<testcase classname="github.com/maximhq/bifrost/tests/core-providers" name="TestOpenAI/OpenAITests/Transcription" time="0.000000">
			<failure message="Failed" type="">=== RUN   TestOpenAI/OpenAITests/Transcription&#xA;        --- FAIL: TestOpenAI/OpenAITests/Transcription (0.00s)&#xA;</failure>
		</testcase>
		<testcase classname="github.com/maximhq/bifrost/tests/core-providers" name="TestOpenAI/OpenAITests/TranscriptionStreamAdvanced/WithCustomPrompt_Streaming" time="9.480000">
			<failure message="Failed" type="">=== RUN   TestOpenAI/OpenAITests/TranscriptionStreamAdvanced/WithCustomPrompt_Streaming&#xA;=== PAUSE TestOpenAI/OpenAITests/TranscriptionStreamAdvanced/WithCustomPrompt_Streaming&#xA;=== CONT  TestOpenAI/OpenAITests/TranscriptionStreamAdvanced/WithCustomPrompt_Streaming&#xA;{&#34;level&#34;:&#34;debug&#34;,&#34;time&#34;:&#34;2025-10-28T08:06:40-07:00&#34;,&#34;message&#34;:&#34;Primary provider openai with model gpt-4o-mini-tts and 0 fallbacks&#34;}&#xA;{&#34;level&#34;:&#34;debug&#34;,&#34;time&#34;:&#34;2025-10-28T08:06:40-07:00&#34;,&#34;message&#34;:&#34;Primary provider openai with model gpt-4o-mini-tts and 0 fallbacks&#34;}&#xA;{&#34;level&#34;:&#34;debug&#34;,&#34;time&#34;:&#34;2025-10-28T08:06:40-07:00&#34;,&#34;message&#34;:&#34;attempting speech request for provider openai&#34;}&#xA;    error_parser.go:392: Custom prompt streaming failed, but got:&#xA;        🌉 Bifrost: Bifrost Internal Error&#xA;        Message: Make HTTP request to provider API&#xA;        Details:&#xA;          • Provider: openai&#xA;          • Underlying error: error when reading response headers: cannot find whitespace in the first line of response &#34;0\r\n\r\n&#34;. Buffer size=5, contents: &#34;0\r\n\r\n&#34;&#xA;        Suggestions:&#xA;          💡 Check the provider&#39;s documentation for more details&#xA;          💡 Consider enabling debug logging for more information&#xA;            --- FAIL: TestOpenAI/OpenAITests/TranscriptionStreamAdvanced/WithCustomPrompt_Streaming (9.48s)&#xA;</failure>
		</testcase>
		<testcase classname="github.com/maximhq/bifrost/tests/core-providers" name="TestOpenAI/OpenAITests/TranscriptionStreamAdvanced" time="0.000000">
			<failure message="Failed" type="">=== RUN   TestOpenAI/OpenAITests/TranscriptionStreamAdvanced&#xA;        --- FAIL: TestOpenAI/OpenAITests/TranscriptionStreamAdvanced (0.00s)&#xA;</failure>
		</testcase>
		<testcase classname="github.com/maximhq/bifrost/tests/core-providers" name="TestOpenAI/OpenAITests/SpeechSynthesis/TechnicalText_Tertiary_MP3" time="3.510000">
			<failure message="Failed" type="">=== RUN   TestOpenAI/OpenAITests/SpeechSynthesis/TechnicalText_Tertiary_MP3&#xA;=== PAUSE TestOpenAI/OpenAITests/SpeechSynthesis/TechnicalText_Tertiary_MP3&#xA;=== CONT  TestOpenAI/OpenAITests/SpeechSynthesis/TechnicalText_Tertiary_MP3&#xA;{&#34;level&#34;:&#34;debug&#34;,&#34;time&#34;:&#34;2025-10-28T08:07:13-07:00&#34;,&#34;message&#34;:&#34;Primary provider openai with model gpt-4o-mini-tts and 0 fallbacks&#34;}&#xA;    speech_synthesis.go:93: ❌ SpeechSynthesis_TechnicalText_Tertiary_MP3 request failed:  : failed to make HTTP request to provider API&#xA;{&#34;level&#34;:&#34;debug&#34;,&#34;time&#34;:&#34;2025-10-28T08:07:16-07:00&#34;,&#34;message&#34;:&#34;attempting chat_completion request for provider openai&#34;}&#xA;            --- FAIL: TestOpenAI/OpenAITests/SpeechSynthesis/TechnicalText_Tertiary_MP3 (3.51s)&#xA;</failure>
		</testcase>
		<testcase classname="github.com/maximhq/bifrost/tests/core-providers" name="TestOpenAI/OpenAITests/SpeechSynthesis/MediumText_Secondary_MP3" time="2.890000">
			<failure message="Failed" type="">=== RUN   TestOpenAI/OpenAITests/SpeechSynthesis/MediumText_Secondary_MP3&#xA;=== PAUSE TestOpenAI/OpenAITests/SpeechSynthesis/MediumText_Secondary_MP3&#xA;=== CONT  TestOpenAI/OpenAITests/SpeechSynthesis/MediumText_Secondary_MP3&#xA;{&#34;level&#34;:&#34;debug&#34;,&#34;time&#34;:&#34;2025-10-28T08:07:13-07:00&#34;,&#34;message&#34;:&#34;Primary provider openai with model gpt-4o-mini-tts and 0 fallbacks&#34;}&#xA;{&#34;level&#34;:&#34;debug&#34;,&#34;time&#34;:&#34;2025-10-28T08:07:13-07:00&#34;,&#34;message&#34;:&#34;attempting transcription_stream request for provider openai&#34;}&#xA;{&#34;level&#34;:&#34;debug&#34;,&#34;time&#34;:&#34;2025-10-28T08:07:13-07:00&#34;,&#34;message&#34;:&#34;Primary provider openai with model gpt-4o returned error: failed to make HTTP request to provider API&#34;}&#xA;{&#34;level&#34;:&#34;debug&#34;,&#34;time&#34;:&#34;2025-10-28T08:07:13-07:00&#34;,&#34;message&#34;:&#34;Check if we should try 1 fallbacks&#34;}&#xA;{&#34;level&#34;:&#34;debug&#34;,&#34;time&#34;:&#34;2025-10-28T08:07:13-07:00&#34;,&#34;message&#34;:&#34;Trying fallback provider openai with model gpt-4o&#34;}&#xA;    speech_synthesis.go:93: ❌ SpeechSynthesis_MediumText_Secondary_MP3 request failed:  : failed to make HTTP request to provider API&#xA;            --- FAIL: TestOpenAI/OpenAITests/SpeechSynthesis/MediumText_Secondary_MP3 (2.89s)&#xA;</failure>
		</testcase>
		<testcase classname="github.com/maximhq/bifrost/tests/core-providers" name="TestOpenAI/OpenAITests/SpeechSynthesis" time="0.000000">
			<failure message="Failed" type="">=== RUN   TestOpenAI/OpenAITests/SpeechSynthesis&#xA;=== PAUSE TestOpenAI/OpenAITests/SpeechSynthesis&#xA;=== CONT  TestOpenAI/OpenAITests/SpeechSynthesis&#xA;        --- FAIL: TestOpenAI/OpenAITests/SpeechSynthesis (0.00s)&#xA;</failure>
		</testcase>
		<testcase classname="github.com/maximhq/bifrost/tests/core-providers" name="TestOpenAI/OpenAITests/TextCompletionStreamVariedPrompts/Question" time="3.750000">
			<failure message="Failed" type="">=== RUN   TestOpenAI/OpenAITests/TextCompletionStreamVariedPrompts/Question&#xA;=== PAUSE TestOpenAI/OpenAITests/TextCompletionStreamVariedPrompts/Question&#xA;=== CONT  TestOpenAI/OpenAITests/TextCompletionStreamVariedPrompts/Question&#xA;{&#34;level&#34;:&#34;debug&#34;,&#34;time&#34;:&#34;2025-10-28T08:07:16-07:00&#34;,&#34;message&#34;:&#34;request speech for provider openai completed&#34;}&#xA;{&#34;level&#34;:&#34;debug&#34;,&#34;time&#34;:&#34;2025-10-28T08:07:16-07:00&#34;,&#34;message&#34;:&#34;attempting responses request for provider openai&#34;}&#xA;{&#34;level&#34;:&#34;debug&#34;,&#34;time&#34;:&#34;2025-10-28T08:07:16-07:00&#34;,&#34;message&#34;:&#34;No primary error, we should not try fallbacks&#34;}&#xA;    error_parser.go:392: Text completion stream with varied prompts failed, but got:&#xA;        🌉 Bifrost: Bifrost Internal Error&#xA;        Message: Make HTTP request to provider API&#xA;        Details:&#xA;          • Provider: openai&#xA;          • Underlying error: error when reading response headers: cannot find whitespace in the first line of response &#34;0\r\n\r\n&#34;. Buffer size=5, contents: &#34;0\r\n\r\n&#34;&#xA;        Suggestions:&#xA;          💡 Check the provider&#39;s documentation for more details&#xA;          💡 Consider enabling debug logging for more information&#xA;            --- FAIL: TestOpenAI/OpenAITests/TextCompletionStreamVariedPrompts/Question (3.75s)&#xA;</failure>
		</testcase>
		<testcase classname="github.com/maximhq/bifrost/tests/core-providers" name="TestOpenAI/OpenAITests/TextCompletionStreamVariedPrompts" time="0.000000">
			<failure message="Failed" type="">=== RUN   TestOpenAI/OpenAITests/TextCompletionStreamVariedPrompts&#xA;=== PAUSE TestOpenAI/OpenAITests/TextCompletionStreamVariedPrompts&#xA;=== CONT  TestOpenAI/OpenAITests/TextCompletionStreamVariedPrompts&#xA;        --- FAIL: TestOpenAI/OpenAITests/TextCompletionStreamVariedPrompts (0.00s)&#xA;</failure>
		</testcase>
		<testcase classname="github.com/maximhq/bifrost/tests/core-providers" name="TestOpenAI/OpenAITests/TextCompletionStreamParameters/LowCreativity" time="3.220000">
			<failure message="Failed" type="">=== RUN   TestOpenAI/OpenAITests/TextCompletionStreamParameters/LowCreativity&#xA;=== PAUSE TestOpenAI/OpenAITests/TextCompletionStreamParameters/LowCreativity&#xA;=== CONT  TestOpenAI/OpenAITests/TextCompletionStreamParameters/LowCreativity&#xA;{&#34;level&#34;:&#34;debug&#34;,&#34;time&#34;:&#34;2025-10-28T08:07:17-07:00&#34;,&#34;message&#34;:&#34;Primary provider openai with model gpt-4o and 1 fallbacks&#34;}&#xA;{&#34;level&#34;:&#34;debug&#34;,&#34;time&#34;:&#34;2025-10-28T08:07:18-07:00&#34;,&#34;message&#34;:&#34;request speech for provider openai completed&#34;}&#xA;{&#34;level&#34;:&#34;debug&#34;,&#34;time&#34;:&#34;2025-10-28T08:07:18-07:00&#34;,&#34;message&#34;:&#34;No primary error, we should not try fallbacks&#34;}&#xA;{&#34;level&#34;:&#34;debug&#34;,&#34;time&#34;:&#34;2025-10-28T08:07:18-07:00&#34;,&#34;message&#34;:&#34;attempting text_completion_stream request for provider openai&#34;}&#xA;    error_parser.go:392: Text completion stream with parameters failed, but got:&#xA;        🌉 Bifrost: Bifrost Internal Error&#xA;        Message: Make HTTP request to provider API&#xA;        Details:&#xA;          • Provider: openai&#xA;          • Underlying error: error when reading response headers: cannot find whitespace in the first line of response &#34;0\r\n\r\n&#34;. Buffer size=5, contents: &#34;0\r\n\r\n&#34;&#xA;        Suggestions:&#xA;          💡 Check the provider&#39;s documentation for more details&#xA;          💡 Consider enabling debug logging for more information&#xA;{&#34;level&#34;:&#34;debug&#34;,&#34;time&#34;:&#34;2025-10-28T08:07:20-07:00&#34;,&#34;message&#34;:&#34;request speech for provider openai completed&#34;}&#xA;{&#34;level&#34;:&#34;debug&#34;,&#34;time&#34;:&#34;2025-10-28T08:07:20-07:00&#34;,&#34;message&#34;:&#34;attempting speech request for provider openai&#34;}&#xA;{&#34;level&#34;:&#34;debug&#34;,&#34;time&#34;:&#34;2025-10-28T08:07:20-07:00&#34;,&#34;message&#34;:&#34;No primary error, we should not try fallbacks&#34;}&#xA;            --- FAIL: TestOpenAI/OpenAITests/TextCompletionStreamParameters/LowCreativity (3.22s)&#xA;</failure>
		</testcase>
		<testcase classname="github.com/maximhq/bifrost/tests/core-providers" name="TestOpenAI/OpenAITests/TextCompletionStreamParameters" time="0.000000">
			<failure message="Failed" type="">=== RUN   TestOpenAI/OpenAITests/TextCompletionStreamParameters&#xA;=== PAUSE TestOpenAI/OpenAITests/TextCompletionStreamParameters&#xA;=== CONT  TestOpenAI/OpenAITests/TextCompletionStreamParameters&#xA;        --- FAIL: TestOpenAI/OpenAITests/TextCompletionStreamParameters (0.00s)&#xA;</failure>
		</testcase>
		<testcase classname="github.com/maximhq/bifrost/tests/core-providers" name="TestOpenAI/OpenAITests/SpeechSynthesisAdvanced/AllVoiceOptions/VoiceType_secondary" time="5.210000">
			<failure message="Failed" type="">=== RUN   TestOpenAI/OpenAITests/SpeechSynthesisAdvanced/AllVoiceOptions/VoiceType_secondary&#xA;=== PAUSE TestOpenAI/OpenAITests/SpeechSynthesisAdvanced/AllVoiceOptions/VoiceType_secondary&#xA;=== CONT  TestOpenAI/OpenAITests/SpeechSynthesisAdvanced/AllVoiceOptions/VoiceType_secondary&#xA;{&#34;level&#34;:&#34;debug&#34;,&#34;time&#34;:&#34;2025-10-28T08:07:19-07:00&#34;,&#34;message&#34;:&#34;Primary provider openai with model gpt-4o-mini-tts and 0 fallbacks&#34;}&#xA;{&#34;level&#34;:&#34;debug&#34;,&#34;time&#34;:&#34;2025-10-28T08:07:19-07:00&#34;,&#34;message&#34;:&#34;request text_completion_stream for provider openai completed&#34;}&#xA;{&#34;level&#34;:&#34;debug&#34;,&#34;time&#34;:&#34;2025-10-28T08:07:19-07:00&#34;,&#34;message&#34;:&#34;attempting text_completion_stream request for provider openai&#34;}&#xA;{&#34;level&#34;:&#34;debug&#34;,&#34;time&#34;:&#34;2025-10-28T08:07:19-07:00&#34;,&#34;message&#34;:&#34;No primary error, we should not try fallbacks&#34;}&#xA;    speech_synthesis.go:255: ❌ SpeechSynthesis_Voice_secondary request failed:  : failed to make HTTP request to provider API&#xA;{&#34;level&#34;:&#34;debug&#34;,&#34;time&#34;:&#34;2025-10-28T08:07:24-07:00&#34;,&#34;message&#34;:&#34;attempting transcription_stream request for provider openai&#34;}&#xA;{&#34;level&#34;:&#34;debug&#34;,&#34;time&#34;:&#34;2025-10-28T08:07:24-07:00&#34;,&#34;message&#34;:&#34;Primary provider openai with model gpt-4o-mini-tts returned error: failed to make HTTP request to provider API&#34;}&#xA;{&#34;level&#34;:&#34;debug&#34;,&#34;time&#34;:&#34;2025-10-28T08:07:24-07:00&#34;,&#34;message&#34;:&#34;No fallbacks configured, we should not try fallbacks&#34;}&#xA;                --- FAIL: TestOpenAI/OpenAITests/SpeechSynthesisAdvanced/AllVoiceOptions/VoiceType_secondary (5.21s)&#xA;</failure>
		</testcase>
		<testcase classname="github.com/maximhq/bifrost/tests/core-providers" name="TestOpenAI/OpenAITests/SpeechSynthesisAdvanced/AllVoiceOptions/VoiceType_tertiary" time="5.100000">
			<failure message="Failed" type="">=== RUN   TestOpenAI/OpenAITests/SpeechSynthesisAdvanced/AllVoiceOptions/VoiceType_tertiary&#xA;=== PAUSE TestOpenAI/OpenAITests/SpeechSynthesisAdvanced/AllVoiceOptions/VoiceType_tertiary&#xA;=== CONT  TestOpenAI/OpenAITests/SpeechSynthesisAdvanced/AllVoiceOptions/VoiceType_tertiary&#xA;{&#34;level&#34;:&#34;debug&#34;,&#34;time&#34;:&#34;2025-10-28T08:07:19-07:00&#34;,&#34;message&#34;:&#34;Primary provider openai with model gpt-4o-mini-tts and 0 fallbacks&#34;}&#xA;{&#34;level&#34;:&#34;debug&#34;,&#34;time&#34;:&#34;2025-10-28T08:07:19-07:00&#34;,&#34;message&#34;:&#34;request text_completion_stream for provider openai completed&#34;}&#xA;{&#34;level&#34;:&#34;debug&#34;,&#34;time&#34;:&#34;2025-10-28T08:07:19-07:00&#34;,&#34;message&#34;:&#34;attempting text_completion_stream request for provider openai&#34;}&#xA;{&#34;level&#34;:&#34;debug&#34;,&#34;time&#34;:&#34;2025-10-28T08:07:19-07:00&#34;,&#34;message&#34;:&#34;No primary error, we should not try fallbacks&#34;}&#xA;    speech_synthesis.go:255: ❌ SpeechSynthesis_Voice_tertiary request failed:  : failed to make HTTP request to provider API&#xA;{&#34;level&#34;:&#34;debug&#34;,&#34;time&#34;:&#34;2025-10-28T08:07:26-07:00&#34;,&#34;message&#34;:&#34;request chat_completion for provider openai completed&#34;}&#xA;{&#34;level&#34;:&#34;debug&#34;,&#34;time&#34;:&#34;2025-10-28T08:07:26-07:00&#34;,&#34;message&#34;:&#34;Successfully used fallback provider openai with model gpt-4o&#34;}&#xA;{&#34;level&#34;:&#34;debug&#34;,&#34;time&#34;:&#34;2025-10-28T08:07:26-07:00&#34;,&#34;message&#34;:&#34;Primary provider openai with model gpt-4o and 0 fallbacks&#34;}&#xA;{&#34;level&#34;:&#34;debug&#34;,&#34;time&#34;:&#34;2025-10-28T08:07:26-07:00&#34;,&#34;message&#34;:&#34;attempting responses request for provider openai&#34;}&#xA;{&#34;level&#34;:&#34;debug&#34;,&#34;time&#34;:&#34;2025-10-28T08:07:26-07:00&#34;,&#34;message&#34;:&#34;request chat_completion for provider openai completed&#34;}&#xA;{&#34;level&#34;:&#34;debug&#34;,&#34;time&#34;:&#34;2025-10-28T08:07:26-07:00&#34;,&#34;message&#34;:&#34;No primary error, we should not try fallbacks&#34;}&#xA;{&#34;level&#34;:&#34;debug&#34;,&#34;time&#34;:&#34;2025-10-28T08:07:26-07:00&#34;,&#34;message&#34;:&#34;Primary provider openai with model gpt-4o and 1 fallbacks&#34;}&#xA;{&#34;level&#34;:&#34;debug&#34;,&#34;time&#34;:&#34;2025-10-28T08:07:26-07:00&#34;,&#34;message&#34;:&#34;attempting responses request for provider openai&#34;}&#xA;{&#34;level&#34;:&#34;debug&#34;,&#34;time&#34;:&#34;2025-10-28T08:07:27-07:00&#34;,&#34;message&#34;:&#34;request transcription_stream for provider openai completed&#34;}&#xA;{&#34;level&#34;:&#34;debug&#34;,&#34;time&#34;:&#34;2025-10-28T08:07:27-07:00&#34;,&#34;message&#34;:&#34;No primary error, we should not try fallbacks&#34;}&#xA;                --- FAIL: TestOpenAI/OpenAITests/SpeechSynthesisAdvanced/AllVoiceOptions/VoiceType_tertiary (5.10s)&#xA;</failure>
		</testcase>
		<testcase classname="github.com/maximhq/bifrost/tests/core-providers" name="TestOpenAI/OpenAITests/SpeechSynthesisAdvanced/AllVoiceOptions" time="0.000000">
			<failure message="Failed" type="">=== RUN   TestOpenAI/OpenAITests/SpeechSynthesisAdvanced/AllVoiceOptions&#xA;=== PAUSE TestOpenAI/OpenAITests/SpeechSynthesisAdvanced/AllVoiceOptions&#xA;=== CONT  TestOpenAI/OpenAITests/SpeechSynthesisAdvanced/AllVoiceOptions&#xA;            --- FAIL: TestOpenAI/OpenAITests/SpeechSynthesisAdvanced/AllVoiceOptions (0.00s)&#xA;</failure>
		</testcase>
		<testcase classname="github.com/maximhq/bifrost/tests/core-providers" name="TestOpenAI/OpenAITests/SpeechSynthesisAdvanced" time="0.000000">
			<failure message="Failed" type="">=== RUN   TestOpenAI/OpenAITests/SpeechSynthesisAdvanced&#xA;=== PAUSE TestOpenAI/OpenAITests/SpeechSynthesisAdvanced&#xA;=== CONT  TestOpenAI/OpenAITests/SpeechSynthesisAdvanced&#xA;        --- FAIL: TestOpenAI/OpenAITests/SpeechSynthesisAdvanced (0.00s)&#xA;</failure>
		</testcase>
		<testcase classname="github.com/maximhq/bifrost/tests/core-providers" name="TestOpenAI/OpenAITests/TranscriptionStream/StreamRoundTrip_Technical_MP3" time="8.100000">
			<failure message="Failed" type="">=== RUN   TestOpenAI/OpenAITests/TranscriptionStream/StreamRoundTrip_Technical_MP3&#xA;=== PAUSE TestOpenAI/OpenAITests/TranscriptionStream/StreamRoundTrip_Technical_MP3&#xA;=== CONT  TestOpenAI/OpenAITests/TranscriptionStream/StreamRoundTrip_Technical_MP3&#xA;{&#34;level&#34;:&#34;debug&#34;,&#34;time&#34;:&#34;2025-10-28T08:07:05-07:00&#34;,&#34;message&#34;:&#34;Primary provider openai with model gpt-4o-mini-tts and 1 fallbacks&#34;}&#xA;{&#34;level&#34;:&#34;debug&#34;,&#34;time&#34;:&#34;2025-10-28T08:07:06-07:00&#34;,&#34;message&#34;:&#34;request responses for provider openai completed&#34;}&#xA;{&#34;level&#34;:&#34;debug&#34;,&#34;time&#34;:&#34;2025-10-28T08:07:06-07:00&#34;,&#34;message&#34;:&#34;attempting responses request for provider openai&#34;}&#xA;{&#34;level&#34;:&#34;debug&#34;,&#34;time&#34;:&#34;2025-10-28T08:07:06-07:00&#34;,&#34;message&#34;:&#34;No primary error, we should not try fallbacks&#34;}&#xA;    error_parser.go:392: TTS generation failed for stream round-trip test, but got:&#xA;        ❓ Unknown: Unknown Error&#xA;        Message: Make HTTP request to provider API&#xA;        Details:&#xA;          • Provider: openai&#xA;          • Underlying error: error when reading response headers: cannot find whitespace in the first line of response &#34;0\r\n\r\n&#34;. Buffer size=5, contents: &#34;0\r\n\r\n&#34;&#xA;        Suggestions:&#xA;          💡 Check the provider&#39;s documentation for more details&#xA;          💡 Consider enabling debug logging for more information&#xA;            --- FAIL: TestOpenAI/OpenAITests/TranscriptionStream/StreamRoundTrip_Technical_MP3 (8.10s)&#xA;</failure>
		</testcase>
		<testcase classname="github.com/maximhq/bifrost/tests/core-providers" name="TestOpenAI/OpenAITests/TranscriptionStream" time="0.000000">
			<failure message="Failed" type="">=== RUN   TestOpenAI/OpenAITests/TranscriptionStream&#xA;=== PAUSE TestOpenAI/OpenAITests/TranscriptionStream&#xA;=== CONT  TestOpenAI/OpenAITests/TranscriptionStream&#xA;        --- FAIL: TestOpenAI/OpenAITests/TranscriptionStream (0.00s)&#xA;</failure>
		</testcase>
		<testcase classname="github.com/maximhq/bifrost/tests/core-providers" name="TestOpenAI/OpenAITests" time="61.020000">
			<failure message="Failed" type="">=== RUN   TestOpenAI/OpenAITests&#xA;    tests.go:24: 🚀 Running comprehensive tests for provider: openai&#xA;    tests.go:95: &#xA;        ================================================================================&#xA;    tests.go:96: COMPREHENSIVE TEST SUMMARY FOR PROVIDER: OPENAI&#xA;    tests.go:97: ================================================================================&#xA;    tests.go:102: ✅ SUPPORTED:   TextCompletion            ✅ Configured to run&#xA;    tests.go:102: ✅ SUPPORTED:   SimpleChat                ✅ Configured to run&#xA;    tests.go:102: ✅ SUPPORTED:   CompletionStream          ✅ Configured to run&#xA;    tests.go:102: ✅ SUPPORTED:   MultiTurnConversation     ✅ Configured to run&#xA;    tests.go:102: ✅ SUPPORTED:   ToolCalls                 ✅ Configured to run&#xA;    tests.go:102: ✅ SUPPORTED:   MultipleToolCalls         ✅ Configured to run&#xA;    tests.go:102: ✅ SUPPORTED:   End2EndToolCalling        ✅ Configured to run&#xA;    tests.go:102: ✅ SUPPORTED:   AutomaticFunctionCall     ✅ Configured to run&#xA;    tests.go:102: ✅ SUPPORTED:   ImageURL                  ✅ Configured to run&#xA;    tests.go:102: ✅ SUPPORTED:   ImageBase64               ✅ Configured to run&#xA;    tests.go:102: ✅ SUPPORTED:   MultipleImages            ✅ Configured to run&#xA;    tests.go:102: ✅ SUPPORTED:   CompleteEnd2End           ✅ Configured to run&#xA;    tests.go:102: ✅ SUPPORTED:   SpeechSynthesis           ✅ Configured to run&#xA;    tests.go:102: ✅ SUPPORTED:   SpeechSynthesisStream     ✅ Configured to run&#xA;    tests.go:102: ✅ SUPPORTED:   Transcription             ✅ Configured to run&#xA;    tests.go:102: ✅ SUPPORTED:   TranscriptionStream       ✅ Configured to run&#xA;    tests.go:102: ✅ SUPPORTED:   Embedding                 ✅ Configured to run&#xA;    tests.go:102: ✅ SUPPORTED:   Reasoning                 ✅ Configured to run&#xA;    tests.go:102: ✅ SUPPORTED:   ListModels                ✅ Configured to run&#xA;    tests.go:109: --------------------------------------------------------------------------------&#xA;    tests.go:110: CONFIGURATION SUMMARY:&#xA;    tests.go:111:   ✅ Supported Tests:   19&#xA;    tests.go:112:   ❌ Unsupported Tests: 0&#xA;    tests.go:113:   📊 Total Test Types:  19&#xA;    tests.go:114: &#xA;    tests.go:115: ℹ️  NOTE: Actual PASS/FAIL results are shown in the individual test output above.&#xA;    tests.go:116: ℹ️  Look for individual test results like &#39;PASS: TestOpenAI/SimpleChat&#39; or &#39;FAIL: TestOpenAI/ToolCalls&#39;&#xA;    tests.go:117: ================================================================================&#xA;    --- FAIL: TestOpenAI/OpenAITests (61.02s)&#xA;</failure>
		</testcase>
		<testcase classname="github.com/maximhq/bifrost/tests/core-providers" name="TestOpenAI" time="128.289000">
			<failure message="Failed" type="">=== RUN   TestOpenAI&#xA;{&#34;level&#34;:&#34;warn&#34;,&#34;time&#34;:&#34;2025-10-28T08:05:48-07:00&#34;,&#34;message&#34;:&#34;failed to prepare provider ollama: failed to create provider for the given key: base_url is required for ollama provider&#34;}&#xA;{&#34;level&#34;:&#34;warn&#34;,&#34;time&#34;:&#34;2025-10-28T08:05:48-07:00&#34;,&#34;message&#34;:&#34;failed to prepare provider sgl: failed to create provider for the given key: base_url is required for sgl provider&#34;}&#xA;--- FAIL: TestOpenAI (128.29s)&#xA;</failure>
		</testcase>
		<testcase classname="github.com/maximhq/bifrost/tests/core-providers" name="TestOpenAI/OpenAITests/SpeechSynthesisStreamAdvanced/MultipleVoices_Streaming/StreamingVoice_alloy" time="1.640000"></testcase>
		<testcase classname="github.com/maximhq/bifrost/tests/core-providers" name="TestOpenAI/OpenAITests/SpeechSynthesisStreamAdvanced/MultipleVoices_Streaming/StreamingVoice_nova" time="1.660000"></testcase>
		<testcase classname="github.com/maximhq/bifrost/tests/core-providers" name="TestOpenAI/OpenAITests/SpeechSynthesisStreamAdvanced/MultipleVoices_Streaming/StreamingVoice_shimmer" time="1.720000"></testcase>
		<testcase classname="github.com/maximhq/bifrost/tests/core-providers" name="TestOpenAI/OpenAITests/SpeechSynthesisStreamAdvanced/MultipleVoices_Streaming/StreamingVoice_echo" time="2.790000"></testcase>
		<testcase classname="github.com/maximhq/bifrost/tests/core-providers" name="TestOpenAI/OpenAITests/SpeechSynthesisStreamAdvanced/MultipleVoices_Streaming/StreamingVoice_onyx" time="2.970000"></testcase>
		<testcase classname="github.com/maximhq/bifrost/tests/core-providers" name="TestOpenAI/OpenAITests/SpeechSynthesisStreamAdvanced/MultipleVoices_Streaming/StreamingVoice_fable" time="12.000000"></testcase>
		<testcase classname="github.com/maximhq/bifrost/tests/core-providers" name="TestOpenAI/OpenAITests/SpeechSynthesisStreamAdvanced/MultipleVoices_Streaming" time="0.000000"></testcase>
		<testcase classname="github.com/maximhq/bifrost/tests/core-providers" name="TestOpenAI/OpenAITests/SpeechSynthesisStreamAdvanced/LongText_HDModel_Streaming" time="24.800000"></testcase>
		<testcase classname="github.com/maximhq/bifrost/tests/core-providers" name="TestOpenAI/OpenAITests/SpeechSynthesisStreamAdvanced" time="0.000000"></testcase>
		<testcase classname="github.com/maximhq/bifrost/tests/core-providers" name="TestOpenAI/OpenAITests/TranscriptionAdvanced/AllResponseFormats/Format_json" time="1.360000"></testcase>
		<testcase classname="github.com/maximhq/bifrost/tests/core-providers" name="TestOpenAI/OpenAITests/TranscriptionAdvanced/AllResponseFormats/Format_verbose_json" time="2.960000"></testcase>
		<testcase classname="github.com/maximhq/bifrost/tests/core-providers" name="TestOpenAI/OpenAITests/TranscriptionAdvanced/AllResponseFormats" time="3.980000"></testcase>
		<testcase classname="github.com/maximhq/bifrost/tests/core-providers" name="TestOpenAI/OpenAITests/TranscriptionAdvanced/MultipleLanguages/Language_en" time="1.840000"></testcase>
		<testcase classname="github.com/maximhq/bifrost/tests/core-providers" name="TestOpenAI/OpenAITests/TranscriptionAdvanced/MultipleLanguages" time="4.460000"></testcase>
		<testcase classname="github.com/maximhq/bifrost/tests/core-providers" name="TestOpenAI/OpenAITests/TranscriptionAdvanced/WithCustomParameters" time="13.000000"></testcase>
		<testcase classname="github.com/maximhq/bifrost/tests/core-providers" name="TestOpenAI/OpenAITests/TranscriptionAdvanced" time="13.250000"></testcase>
		<testcase classname="github.com/maximhq/bifrost/tests/core-providers" name="TestOpenAI/OpenAITests/TranscriptionStreamAdvanced/MultipleLanguages_Streaming/StreamLang_en" time="1.770000"></testcase>
		<testcase classname="github.com/maximhq/bifrost/tests/core-providers" name="TestOpenAI/OpenAITests/TranscriptionStreamAdvanced/MultipleLanguages_Streaming" time="3.840000"></testcase>
		<testcase classname="github.com/maximhq/bifrost/tests/core-providers" name="TestOpenAI/OpenAITests/TranscriptionStreamAdvanced/JSONStreaming" time="6.800000"></testcase>
		<testcase classname="github.com/maximhq/bifrost/tests/core-providers" name="TestOpenAI/OpenAITests/Embedding" time="0.320000"></testcase>
		<testcase classname="github.com/maximhq/bifrost/tests/core-providers" name="TestOpenAI/OpenAITests/TextCompletion" time="0.400000"></testcase>
		<testcase classname="github.com/maximhq/bifrost/tests/core-providers" name="TestOpenAI/OpenAITests/ListModelsPagination" time="0.780000"></testcase>
		<testcase classname="github.com/maximhq/bifrost/tests/core-providers" name="TestOpenAI/OpenAITests/ResponsesStreamWithTools" time="2.760000"></testcase>
		<testcase classname="github.com/maximhq/bifrost/tests/core-providers" name="TestOpenAI/OpenAITests/ToolCalls" time="6.320000"></testcase>
		<testcase classname="github.com/maximhq/bifrost/tests/core-providers" name="TestOpenAI/OpenAITests/ResponsesStream" time="7.050000"></testcase>
		<testcase classname="github.com/maximhq/bifrost/tests/core-providers" name="TestOpenAI/OpenAITests/AutomaticFunctionCalling" time="8.860000"></testcase>
		<testcase classname="github.com/maximhq/bifrost/tests/core-providers" name="TestOpenAI/OpenAITests/ResponsesStreamWithReasoning" time="8.880000"></testcase>
		<testcase classname="github.com/maximhq/bifrost/tests/core-providers" name="TestOpenAI/OpenAITests/MultiTurnConversation" time="9.150000"></testcase>
		<testcase classname="github.com/maximhq/bifrost/tests/core-providers" name="TestOpenAI/OpenAITests/MultipleToolCalls" time="10.820000"></testcase>
		<testcase classname="github.com/maximhq/bifrost/tests/core-providers" name="TestOpenAI/OpenAITests/ListModels" time="0.480000"></testcase>
		<testcase classname="github.com/maximhq/bifrost/tests/core-providers" name="TestOpenAI/OpenAITests/ChatCompletionStreamWithTools" time="4.920000"></testcase>
		<testcase classname="github.com/maximhq/bifrost/tests/core-providers" name="TestOpenAI/OpenAITests/TextCompletionStream" time="6.990000"></testcase>
		<testcase classname="github.com/maximhq/bifrost/tests/core-providers" name="TestOpenAI/OpenAITests/ImageBase64" time="15.170000"></testcase>
		<testcase classname="github.com/maximhq/bifrost/tests/core-providers" name="TestOpenAI/OpenAITests/End2EndToolCalling" time="17.500000"></testcase>
		<testcase classname="github.com/maximhq/bifrost/tests/core-providers" name="TestOpenAI/OpenAITests/Reasoning" time="18.920000"></testcase>
		<testcase classname="github.com/maximhq/bifrost/tests/core-providers" name="TestOpenAI/OpenAITests/SimpleChat" time="15.390000"></testcase>
		<testcase classname="github.com/maximhq/bifrost/tests/core-providers" name="TestOpenAI/OpenAITests/SpeechSynthesisStream/ShortText_Streaming" time="7.430000"></testcase>
		<testcase classname="github.com/maximhq/bifrost/tests/core-providers" name="TestOpenAI/OpenAITests/SpeechSynthesisStream/MediumText_Echo_WAV" time="5.850000"></testcase>
		<testcase classname="github.com/maximhq/bifrost/tests/core-providers" name="TestOpenAI/OpenAITests/SpeechSynthesisStream/LongText_Streaming" time="6.570000"></testcase>
		<testcase classname="github.com/maximhq/bifrost/tests/core-providers" name="TestOpenAI/OpenAITests/SpeechSynthesisStream" time="0.000000"></testcase>
		<testcase classname="github.com/maximhq/bifrost/tests/core-providers" name="TestOpenAI/OpenAITests/ChatCompletionStream" time="16.920000"></testcase>
		<testcase classname="github.com/maximhq/bifrost/tests/core-providers" name="TestOpenAI/OpenAITests/SpeechSynthesis/BasicText_Primary_MP3" time="6.770000"></testcase>
		<testcase classname="github.com/maximhq/bifrost/tests/core-providers" name="TestOpenAI/OpenAITests/TextCompletionStreamVariedPrompts/SimpleCompletion" time="4.040000"></testcase>
		<testcase classname="github.com/maximhq/bifrost/tests/core-providers" name="TestOpenAI/OpenAITests/TextCompletionStreamVariedPrompts/CodeCompletion" time="4.370000"></testcase>
		<testcase classname="github.com/maximhq/bifrost/tests/core-providers" name="TestOpenAI/OpenAITests/TextCompletionStreamParameters/Balanced" time="3.790000"></testcase>
		<testcase classname="github.com/maximhq/bifrost/tests/core-providers" name="TestOpenAI/OpenAITests/TextCompletionStreamParameters/HighCreativity" time="3.840000"></testcase>
		<testcase classname="github.com/maximhq/bifrost/tests/core-providers" name="TestOpenAI/OpenAITests/SpeechSynthesisAdvanced/LongText_HDModel" time="7.460000"></testcase>
		<testcase classname="github.com/maximhq/bifrost/tests/core-providers" name="TestOpenAI/OpenAITests/SpeechSynthesisAdvanced/AllVoiceOptions/VoiceType_primary" time="6.160000"></testcase>
		<testcase classname="github.com/maximhq/bifrost/tests/core-providers" name="TestOpenAI/OpenAITests/TranscriptionStream/StreamRoundTrip_Basic_MP3" time="14.090000"></testcase>
		<testcase classname="github.com/maximhq/bifrost/tests/core-providers" name="TestOpenAI/OpenAITests/TranscriptionStream/StreamRoundTrip_Medium_MP3" time="23.610000"></testcase>
		<testcase classname="github.com/maximhq/bifrost/tests/core-providers" name="TestOpenAI/OpenAITests/ImageURL" time="34.200000"></testcase>
		<testcase classname="github.com/maximhq/bifrost/tests/core-providers" name="TestOpenAI/OpenAITests/MultipleImages" time="44.790000"></testcase>
		<testcase classname="github.com/maximhq/bifrost/tests/core-providers" name="TestOpenAI/OpenAITests/CompleteEnd2End" time="66.870000"></testcase>
	</testsuite>
</testsuites>