<?xml version="1.0" encoding="UTF-8"?>
<testsuites tests="3" failures="0" errors="0" time="2.427063">
	<testsuite tests="3" failures="0" time="2.427000" name="github.com/maximhq/bifrost/tests/core-providers" timestamp="2025-10-27T21:57:33-07:00">
		<properties>
			<property name="go.version" value="go1.25.1 darwin/arm64"></property>
		</properties>
		<testcase classname="github.com/maximhq/bifrost/tests/core-providers" name="TestCohere/CohereTests/ChatCompletionStream" time="2.190000"></testcase>
		<testcase classname="github.com/maximhq/bifrost/tests/core-providers" name="TestCohere/CohereTests" time="0.000000"></testcase>
		<testcase classname="github.com/maximhq/bifrost/tests/core-providers" name="TestCohere" time="2.190000"></testcase>
	</testsuite>
</testsuites>